<?xml version="1.0" encoding="UTF-8"?>
<testng-results ignored="0" total="1" passed="1" failed="0" skipped="0">
  <reporter-output>
  </reporter-output>
  <suite started-at="2021-04-28T13:09:31 IST" name="Default suite" finished-at="2021-04-28T13:10:20 IST" duration-ms="49062">
    <groups>
    </groups>
    <test started-at="2021-04-28T13:09:31 IST" name="Default test" finished-at="2021-04-28T13:10:20 IST" duration-ms="49062">
      <class name="OnlineShopping.SearchAppleIPhone7WithFilters">
        <test-method signature="searchIphone7Silver()[pri:0, instance:OnlineShopping.SearchAppleIPhone7WithFilters@4944252c]" started-at="2021-04-28T13:09:31 IST" name="searchIphone7Silver" finished-at="2021-04-28T13:10:20 IST" duration-ms="49021" status="PASS">
          <reporter-output>
          </reporter-output>
        </test-method> <!-- searchIphone7Silver -->
      </class> <!-- OnlineShopping.SearchAppleIPhone7WithFilters -->
    </test> <!-- Default test -->
  </suite> <!-- Default suite -->
</testng-results>
